#-----------------------------------------------------------
# Vivado v2017.4 (64-bit)
# SW Build 2086221 on Fri Dec 15 20:55:39 MST 2017
# IP Build 2085800 on Fri Dec 15 22:25:07 MST 2017
# Start of session at: Fri Apr 26 20:36:21 2024
# Process ID: 25924
# Current directory: C:/Users/12554/Desktop/DAQ/myip/mj_not
# Command line: vivado.exe -gui_launcher_event rodinguilauncherevent3640 C:\Users\12554\Desktop\DAQ\myip\mj_not\mj_not.xpr
# Log file: C:/Users/12554/Desktop/DAQ/myip/mj_not/vivado.log
# Journal file: C:/Users/12554/Desktop/DAQ/myip/mj_not\vivado.jou
#-----------------------------------------------------------
start_gui
open_project -read_only C:/Users/12554/Desktop/DAQ/myip/mj_not/mj_not.xpr
INFO: [Project 1-313] Project file moved from 'F:/MSI-Work/myip/mj_not' since last save.
Scanning sources...
Finished scanning sources
WARNING: [Project 1-229] Project 'mj_not.xpr' is read-only and therefore could not be upgraded for this version of Vivado.  Use 'File | Save Project As...' if you wish to save an upgraded copy.
INFO: [IP_Flow 19-234] Refreshing IP repositories
INFO: [IP_Flow 19-1700] Loaded user IP repository 'c:/Users/12554/Desktop/DAQ/myip/mj_not/mj_not.srcs/sources_1/new'.
INFO: [IP_Flow 19-2313] Loaded Vivado IP repository 'E:/Xilinx2017.4/Vivado/2017.4/data/ip'.
update_compile_order -fileset sources_1
exit
INFO: [Common 17-206] Exiting Vivado at Fri Apr 26 20:53:01 2024...
