#-----------------------------------------------------------
# Vivado v2017.4 (64-bit)
# SW Build 2086221 on Fri Dec 15 20:55:39 MST 2017
# IP Build 2085800 on Fri Dec 15 22:25:07 MST 2017
# Start of session at: Sun Dec 15 16:42:06 2024
# Process ID: 16932
# Current directory: C:/Users/12554/Desktop/spline/DAQ_Z30
# Command line: vivado.exe -gui_launcher_event rodinguilauncherevent21328 C:\Users\12554\Desktop\spline\DAQ_Z30\DAQ_Z30.xpr
# Log file: C:/Users/12554/Desktop/spline/DAQ_Z30/vivado.log
# Journal file: C:/Users/12554/Desktop/spline/DAQ_Z30\vivado.jou
#-----------------------------------------------------------
start_gui
open_project C:/Users/12554/Desktop/spline/DAQ_Z30/DAQ_Z30.xpr
Scanning sources...
Finished scanning sources
INFO: [IP_Flow 19-234] Refreshing IP repositories
INFO: [IP_Flow 19-1700] Loaded user IP repository 'c:/Users/12554/Desktop/spline/myip'.
INFO: [IP_Flow 19-2313] Loaded Vivado IP repository 'E:/Xilinx2017.4/Vivado/2017.4/data/ip'.
open_project: Time (s): cpu = 00:00:05 ; elapsed = 00:00:07 . Memory (MB): peak = 972.109 ; gain = 209.660
update_compile_order -fileset sources_1
launch_runs synth_1 -jobs 20
INFO: [xilinx.com:ip:fifo_generator:13.2-5968] /fifo_generator_0Executing the post_config_ip from bd
INFO: [xilinx.com:ip:fifo_generator:13.2-5968] /fifo_generator_1Executing the post_config_ip from bd
INFO: [xilinx.com:ip:fifo_generator:13.2-5968] /fifo_generator_2Executing the post_config_ip from bd
INFO: [xilinx.com:ip:fifo_generator:13.2-5968] /fifo_generator_3Executing the post_config_ip from bd
INFO: [xilinx.com:ip:ila:6.2-6] /ila_0: Xilinx recommends using the System ILA IP in IP Integrator. The System ILA IP is functionally equivalent to an ILA and offers additional benefits in debugging interfaces both within IP Integrator and the Hardware Manager. Consult the Programming and Debug User Guide UG908 for further details.
WARNING: [BD 41-1731] Type mismatch between connected pins: /MJ_IBUFG_DS_0/out1(undef) and /clk_wiz_0/clk_in1(clk)
WARNING: [BD 41-1731] Type mismatch between connected pins: /MJ_IBUFG_DS_0/out1(undef) and /clk_wiz_2/clk_in1(clk)
WARNING: [BD 41-1731] Type mismatch between connected pins: /clkin_10MHz_P(clk) and /MJ_IBUFG_DS_0/in_P(undef)
WARNING: [BD 41-1731] Type mismatch between connected pins: /clkin_10MHz_N(clk) and /MJ_IBUFG_DS_0/in_N(undef)
WARNING: [BD 41-1731] Type mismatch between connected pins: /Data_FIFO_Rst(rst) and /fifo_generator_2/srst(undef)
WARNING: [BD 41-1731] Type mismatch between connected pins: /Data_FIFO_Rst(rst) and /fifo_generator_3/srst(undef)
WARNING: [BD 41-1731] Type mismatch between connected pins: /Data_FIFO_Rst(rst) and /fifo_generator_1/srst(undef)
WARNING: [BD 41-1731] Type mismatch between connected pins: /Data_FIFO_Rst(rst) and /fifo_generator_0/srst(undef)
WARNING: [BD 41-1731] Type mismatch between connected pins: /Data_FIFO_Rst(rst) and /ila_0/probe6(undef)
WARNING: [BD 41-1731] Type mismatch between connected pins: /mj_not_0/out1(undef) and /clk_wiz_1/reset(rst)
WARNING: [BD 41-1731] Type mismatch between connected pins: /clk_wiz_2/clk_out2(clk) and /MJ_inputclk_ds_gbuf_0/delay_clk(undef)
WARNING: [BD 41-1731] Type mismatch between connected pins: /MJ_inputclk_ds_gbuf_0/clkout_gbuf(undef) and /clk_wiz_1/clk_in1(clk)
WARNING: [BD 41-1731] Type mismatch between connected pins: /clk_wiz_1/clk_out1(clk) and /ADS4249_Decode_0/clkinp(undef)
WARNING: [BD 41-1731] Type mismatch between connected pins: /clk_wiz_2/clk_out1(clk) and /MJ_OBUFGDS_0/sig_in(undef)
INFO: [BD 41-1662] The design 'design_1.bd' is already validated. Therefore parameter propagation will not be re-run.
WARNING: [BD 41-1271] The connection to the pin: /axis_data_fifo_0/m_axis_tlast has been overridden by the user. This pin will not be connected as a part of the interface connection: axis_data_fifo_0_M_AXIS 
VHDL Output written to : C:/Users/12554/Desktop/spline/DAQ_Z30/DAQ_Z30.srcs/sources_1/bd/design_1/synth/design_1.v
VHDL Output written to : C:/Users/12554/Desktop/spline/DAQ_Z30/DAQ_Z30.srcs/sources_1/bd/design_1/sim/design_1.v
VHDL Output written to : C:/Users/12554/Desktop/spline/DAQ_Z30/DAQ_Z30.srcs/sources_1/bd/design_1/hdl/design_1_wrapper.v
INFO: [BD 41-1029] Generation completed for the IP Integrator block clk_wiz_0 .
INFO: [BD 41-1029] Generation completed for the IP Integrator block MJ_OBUFGDS_0 .
INFO: [BD 41-1029] Generation completed for the IP Integrator block MJ_IBUFG_DS_0 .
INFO: [BD 41-1029] Generation completed for the IP Integrator block fifo_generator_0 .
INFO: [BD 41-1029] Generation completed for the IP Integrator block ADS4249_Decode_0 .
INFO: [BD 41-1029] Generation completed for the IP Integrator block axi_dma_0 .
INFO: [BD 41-1029] Generation completed for the IP Integrator block axi_gpio_0 .
Exporting to file c:/Users/12554/Desktop/spline/DAQ_Z30/DAQ_Z30.srcs/sources_1/bd/design_1/ip/design_1_axi_smc_0/bd_0/hw_handoff/design_1_axi_smc_0.hwh
Generated Block Design Tcl file c:/Users/12554/Desktop/spline/DAQ_Z30/DAQ_Z30.srcs/sources_1/bd/design_1/ip/design_1_axi_smc_0/bd_0/hw_handoff/design_1_axi_smc_0_bd.tcl
Generated Hardware Definition File c:/Users/12554/Desktop/spline/DAQ_Z30/DAQ_Z30.srcs/sources_1/bd/design_1/ip/design_1_axi_smc_0/bd_0/synth/design_1_axi_smc_0.hwdef
INFO: [BD 41-1029] Generation completed for the IP Integrator block axi_smc .
INFO: [BD 41-1029] Generation completed for the IP Integrator block axis_data_fifo_0 .
INFO: [BD 41-1029] Generation completed for the IP Integrator block processing_system7_0 .
INFO: [BD 41-1029] Generation completed for the IP Integrator block rst_ps7_0_100M .
INFO: [BD 41-1029] Generation completed for the IP Integrator block xlconcat_0 .
INFO: [BD 41-1029] Generation completed for the IP Integrator block xlconstant_3 .
INFO: [BD 41-1029] Generation completed for the IP Integrator block ps7_0_axi_periph/xbar .
INFO: [BD 41-1029] Generation completed for the IP Integrator block fifo_generator_1 .
INFO: [BD 41-1029] Generation completed for the IP Integrator block fifo_generator_2 .
INFO: [BD 41-1029] Generation completed for the IP Integrator block fifo_generator_3 .
INFO: [BD 41-1029] Generation completed for the IP Integrator block axi_gpio_1 .
INFO: [BD 41-1029] Generation completed for the IP Integrator block MJ_inputclk_ds_gbuf_0 .
INFO: [BD 41-1029] Generation completed for the IP Integrator block mj_not_0 .
INFO: [BD 41-1029] Generation completed for the IP Integrator block clk_wiz_1 .
INFO: [BD 41-1029] Generation completed for the IP Integrator block vio_0 .
WARNING: [IP_Flow 19-4994] Overwriting existing constraint file 'c:/Users/12554/Desktop/spline/DAQ_Z30/DAQ_Z30.srcs/sources_1/bd/design_1/ip/design_1_ila_0_0/design_1_ila_0_0_ooc.xdc'
INFO: [BD 41-1029] Generation completed for the IP Integrator block ila_0 .
INFO: [BD 41-1029] Generation completed for the IP Integrator block xlconstant_0 .
INFO: [BD 41-1029] Generation completed for the IP Integrator block clk_wiz_2 .
INFO: [BD 41-1029] Generation completed for the IP Integrator block count_ip_0 .
INFO: [BD 41-1029] Generation completed for the IP Integrator block CNTtest_0 .
WARNING: [IP_Flow 19-3452] Invalid long/float value '1e+08' specified for parameter 'FREQ_HZ(clock)' for design_1_rst_ps7_0_100M_1_0.
INFO: [BD 41-1029] Generation completed for the IP Integrator block rst_ps7_0_100M_1 .
WARNING: [IP_Flow 19-4994] Overwriting existing constraint file 'c:/Users/12554/Desktop/spline/DAQ_Z30/DAQ_Z30.srcs/sources_1/bd/design_1/ip/design_1_s01_data_fifo_0/design_1_s01_data_fifo_0_ooc.xdc'
INFO: [BD 41-1029] Generation completed for the IP Integrator block ps7_0_axi_periph/s01_couplers/s01_data_fifo .
WARNING: [IP_Flow 19-4994] Overwriting existing constraint file 'c:/Users/12554/Desktop/spline/DAQ_Z30/DAQ_Z30.srcs/sources_1/bd/design_1/ip/design_1_auto_pc_1/design_1_auto_pc_1_ooc.xdc'
INFO: [BD 41-1029] Generation completed for the IP Integrator block ps7_0_axi_periph/s01_couplers/auto_pc .
WARNING: [IP_Flow 19-4994] Overwriting existing constraint file 'c:/Users/12554/Desktop/spline/DAQ_Z30/DAQ_Z30.srcs/sources_1/bd/design_1/ip/design_1_s00_data_fifo_0/design_1_s00_data_fifo_0_ooc.xdc'
INFO: [BD 41-1029] Generation completed for the IP Integrator block ps7_0_axi_periph/s00_couplers/s00_data_fifo .
WARNING: [IP_Flow 19-4994] Overwriting existing constraint file 'c:/Users/12554/Desktop/spline/DAQ_Z30/DAQ_Z30.srcs/sources_1/bd/design_1/ip/design_1_auto_pc_0/design_1_auto_pc_0_ooc.xdc'
INFO: [BD 41-1029] Generation completed for the IP Integrator block ps7_0_axi_periph/s00_couplers/auto_pc .
Exporting to file C:/Users/12554/Desktop/spline/DAQ_Z30/DAQ_Z30.srcs/sources_1/bd/design_1/hw_handoff/design_1.hwh
Generated Block Design Tcl file C:/Users/12554/Desktop/spline/DAQ_Z30/DAQ_Z30.srcs/sources_1/bd/design_1/hw_handoff/design_1_bd.tcl
Generated Hardware Definition File C:/Users/12554/Desktop/spline/DAQ_Z30/DAQ_Z30.srcs/sources_1/bd/design_1/synth/design_1.hwdef
[Sun Dec 15 16:43:11 2024] Launched design_1_clk_wiz_0_0_synth_1, design_1_MJ_OBUFGDS_0_0_synth_1, design_1_MJ_IBUFG_DS_0_0_synth_1, design_1_fifo_generator_0_0_synth_1, design_1_ADS4249_Decode_0_1_synth_1, design_1_axi_dma_0_0_synth_1, design_1_axi_gpio_0_0_synth_1, design_1_axi_smc_0_synth_1, design_1_axis_data_fifo_0_0_synth_1, design_1_processing_system7_0_0_synth_1, design_1_rst_ps7_0_100M_0_synth_1, design_1_xlconcat_0_0_synth_1, design_1_xlconstant_0_1_synth_1, design_1_xbar_0_synth_1, design_1_fifo_generator_0_2_synth_1, design_1_fifo_generator_2_0_synth_1, design_1_fifo_generator_2_1_synth_1, design_1_axi_gpio_0_1_synth_1, design_1_MJ_inputclk_ds_gbuf_0_0_synth_1, design_1_mj_not_0_0_synth_1, design_1_clk_wiz_1_0_synth_1, design_1_vio_0_0_synth_1, design_1_ila_0_0_synth_1, design_1_xlconstant_0_0_synth_1, design_1_clk_wiz_0_1_synth_1, design_1_rst_ps7_0_100M_1_0_synth_1, design_1_count_ip_0_2_synth_1, design_1_auto_pc_0_synth_1, design_1_CNTtest_0_1_synth_1, design_1_s01_data_fifo_0_synth_1, design_1_auto_pc_1_synth_1, design_1_s00_data_fifo_0_synth_1...
Run output will be captured here:
design_1_clk_wiz_0_0_synth_1: C:/Users/12554/Desktop/spline/DAQ_Z30/DAQ_Z30.runs/design_1_clk_wiz_0_0_synth_1/runme.log
design_1_MJ_OBUFGDS_0_0_synth_1: C:/Users/12554/Desktop/spline/DAQ_Z30/DAQ_Z30.runs/design_1_MJ_OBUFGDS_0_0_synth_1/runme.log
design_1_MJ_IBUFG_DS_0_0_synth_1: C:/Users/12554/Desktop/spline/DAQ_Z30/DAQ_Z30.runs/design_1_MJ_IBUFG_DS_0_0_synth_1/runme.log
design_1_fifo_generator_0_0_synth_1: C:/Users/12554/Desktop/spline/DAQ_Z30/DAQ_Z30.runs/design_1_fifo_generator_0_0_synth_1/runme.log
design_1_ADS4249_Decode_0_1_synth_1: C:/Users/12554/Desktop/spline/DAQ_Z30/DAQ_Z30.runs/design_1_ADS4249_Decode_0_1_synth_1/runme.log
design_1_axi_dma_0_0_synth_1: C:/Users/12554/Desktop/spline/DAQ_Z30/DAQ_Z30.runs/design_1_axi_dma_0_0_synth_1/runme.log
design_1_axi_gpio_0_0_synth_1: C:/Users/12554/Desktop/spline/DAQ_Z30/DAQ_Z30.runs/design_1_axi_gpio_0_0_synth_1/runme.log
design_1_axi_smc_0_synth_1: C:/Users/12554/Desktop/spline/DAQ_Z30/DAQ_Z30.runs/design_1_axi_smc_0_synth_1/runme.log
design_1_axis_data_fifo_0_0_synth_1: C:/Users/12554/Desktop/spline/DAQ_Z30/DAQ_Z30.runs/design_1_axis_data_fifo_0_0_synth_1/runme.log
design_1_processing_system7_0_0_synth_1: C:/Users/12554/Desktop/spline/DAQ_Z30/DAQ_Z30.runs/design_1_processing_system7_0_0_synth_1/runme.log
design_1_rst_ps7_0_100M_0_synth_1: C:/Users/12554/Desktop/spline/DAQ_Z30/DAQ_Z30.runs/design_1_rst_ps7_0_100M_0_synth_1/runme.log
design_1_xlconcat_0_0_synth_1: C:/Users/12554/Desktop/spline/DAQ_Z30/DAQ_Z30.runs/design_1_xlconcat_0_0_synth_1/runme.log
design_1_xlconstant_0_1_synth_1: C:/Users/12554/Desktop/spline/DAQ_Z30/DAQ_Z30.runs/design_1_xlconstant_0_1_synth_1/runme.log
design_1_xbar_0_synth_1: C:/Users/12554/Desktop/spline/DAQ_Z30/DAQ_Z30.runs/design_1_xbar_0_synth_1/runme.log
design_1_fifo_generator_0_2_synth_1: C:/Users/12554/Desktop/spline/DAQ_Z30/DAQ_Z30.runs/design_1_fifo_generator_0_2_synth_1/runme.log
design_1_fifo_generator_2_0_synth_1: C:/Users/12554/Desktop/spline/DAQ_Z30/DAQ_Z30.runs/design_1_fifo_generator_2_0_synth_1/runme.log
design_1_fifo_generator_2_1_synth_1: C:/Users/12554/Desktop/spline/DAQ_Z30/DAQ_Z30.runs/design_1_fifo_generator_2_1_synth_1/runme.log
design_1_axi_gpio_0_1_synth_1: C:/Users/12554/Desktop/spline/DAQ_Z30/DAQ_Z30.runs/design_1_axi_gpio_0_1_synth_1/runme.log
design_1_MJ_inputclk_ds_gbuf_0_0_synth_1: C:/Users/12554/Desktop/spline/DAQ_Z30/DAQ_Z30.runs/design_1_MJ_inputclk_ds_gbuf_0_0_synth_1/runme.log
design_1_mj_not_0_0_synth_1: C:/Users/12554/Desktop/spline/DAQ_Z30/DAQ_Z30.runs/design_1_mj_not_0_0_synth_1/runme.log
design_1_clk_wiz_1_0_synth_1: C:/Users/12554/Desktop/spline/DAQ_Z30/DAQ_Z30.runs/design_1_clk_wiz_1_0_synth_1/runme.log
design_1_vio_0_0_synth_1: C:/Users/12554/Desktop/spline/DAQ_Z30/DAQ_Z30.runs/design_1_vio_0_0_synth_1/runme.log
design_1_ila_0_0_synth_1: C:/Users/12554/Desktop/spline/DAQ_Z30/DAQ_Z30.runs/design_1_ila_0_0_synth_1/runme.log
design_1_xlconstant_0_0_synth_1: C:/Users/12554/Desktop/spline/DAQ_Z30/DAQ_Z30.runs/design_1_xlconstant_0_0_synth_1/runme.log
design_1_clk_wiz_0_1_synth_1: C:/Users/12554/Desktop/spline/DAQ_Z30/DAQ_Z30.runs/design_1_clk_wiz_0_1_synth_1/runme.log
design_1_rst_ps7_0_100M_1_0_synth_1: C:/Users/12554/Desktop/spline/DAQ_Z30/DAQ_Z30.runs/design_1_rst_ps7_0_100M_1_0_synth_1/runme.log
design_1_count_ip_0_2_synth_1: C:/Users/12554/Desktop/spline/DAQ_Z30/DAQ_Z30.runs/design_1_count_ip_0_2_synth_1/runme.log
design_1_auto_pc_0_synth_1: C:/Users/12554/Desktop/spline/DAQ_Z30/DAQ_Z30.runs/design_1_auto_pc_0_synth_1/runme.log
design_1_CNTtest_0_1_synth_1: C:/Users/12554/Desktop/spline/DAQ_Z30/DAQ_Z30.runs/design_1_CNTtest_0_1_synth_1/runme.log
design_1_s01_data_fifo_0_synth_1: C:/Users/12554/Desktop/spline/DAQ_Z30/DAQ_Z30.runs/design_1_s01_data_fifo_0_synth_1/runme.log
design_1_auto_pc_1_synth_1: C:/Users/12554/Desktop/spline/DAQ_Z30/DAQ_Z30.runs/design_1_auto_pc_1_synth_1/runme.log
design_1_s00_data_fifo_0_synth_1: C:/Users/12554/Desktop/spline/DAQ_Z30/DAQ_Z30.runs/design_1_s00_data_fifo_0_synth_1/runme.log
[Sun Dec 15 16:43:14 2024] Launched synth_1...
Run output will be captured here: C:/Users/12554/Desktop/spline/DAQ_Z30/DAQ_Z30.runs/synth_1/runme.log
launch_runs: Time (s): cpu = 00:00:14 ; elapsed = 00:00:34 . Memory (MB): peak = 1294.480 ; gain = 242.953
exit
INFO: [Common 17-206] Exiting Vivado at Sun Dec 15 17:54:04 2024...
