#-----------------------------------------------------------
# Vivado v2017.4 (64-bit)
# SW Build 2086221 on Fri Dec 15 20:55:39 MST 2017
# IP Build 2085800 on Fri Dec 15 22:25:07 MST 2017
# Start of session at: Thu Dec 19 00:37:16 2024
# Process ID: 37148
# Current directory: C:/Users/12554/Desktop/test7/DAQ_Z30
# Command line: vivado.exe -gui_launcher_event rodinguilauncherevent26436 C:\Users\12554\Desktop\test7\DAQ_Z30\DAQ_Z30.xpr
# Log file: C:/Users/12554/Desktop/test7/DAQ_Z30/vivado.log
# Journal file: C:/Users/12554/Desktop/test7/DAQ_Z30\vivado.jou
#-----------------------------------------------------------
start_gui
open_project C:/Users/12554/Desktop/test7/DAQ_Z30/DAQ_Z30.xpr
Scanning sources...
Finished scanning sources
INFO: [IP_Flow 19-234] Refreshing IP repositories
INFO: [IP_Flow 19-1700] Loaded user IP repository 'c:/Users/12554/Desktop/test5/myip'.
INFO: [IP_Flow 19-2313] Loaded Vivado IP repository 'E:/Xilinx2017.4/Vivado/2017.4/data/ip'.
open_project: Time (s): cpu = 00:00:08 ; elapsed = 00:00:11 . Memory (MB): peak = 1075.980 ; gain = 325.375
update_compile_order -fileset sources_1
set_property  ip_repo_paths  {} [current_project]
update_ip_catalog
INFO: [IP_Flow 19-234] Refreshing IP repositories
INFO: [IP_Flow 19-1704] No user IP repositories specified
set_property  ip_repo_paths  C:/Users/12554/Desktop/test7/myip [current_project]
update_ip_catalog
INFO: [IP_Flow 19-234] Refreshing IP repositories
INFO: [IP_Flow 19-1700] Loaded user IP repository 'c:/Users/12554/Desktop/test7/myip'.
launch_sdk -workspace C:/Users/12554/Desktop/test7/DAQ_Z30/DAQ_Z30.sdk -hwspec C:/Users/12554/Desktop/test7/DAQ_Z30/DAQ_Z30.sdk/DAQ_Z30_Top.hdf
INFO: [Vivado 12-393] Launching SDK...
INFO: [Vivado 12-417] Running xsdk -workspace C:/Users/12554/Desktop/test7/DAQ_Z30/DAQ_Z30.sdk -hwspec C:/Users/12554/Desktop/test7/DAQ_Z30/DAQ_Z30.sdk/DAQ_Z30_Top.hdf
INFO: [Vivado 12-3157] SDK launch initiated. Please check console for any further messages.
reset_run impl_1 -prev_step 
launch_runs impl_1 -to_step write_bitstream -jobs 20
[Thu Dec 19 00:45:55 2024] Launched impl_1...
Run output will be captured here: C:/Users/12554/Desktop/test7/DAQ_Z30/DAQ_Z30.runs/impl_1/runme.log
file copy -force C:/Users/12554/Desktop/test7/DAQ_Z30/DAQ_Z30.runs/impl_1/DAQ_Z30_Top.sysdef C:/Users/12554/Desktop/test7/DAQ_Z30/DAQ_Z30.sdk/DAQ_Z30_Top.hdf

launch_sdk -workspace C:/Users/12554/Desktop/test7/DAQ_Z30/DAQ_Z30.sdk -hwspec C:/Users/12554/Desktop/test7/DAQ_Z30/DAQ_Z30.sdk/DAQ_Z30_Top.hdf
INFO: [Vivado 12-393] Launching SDK...
INFO: [Vivado 12-417] Running xsdk -workspace C:/Users/12554/Desktop/test7/DAQ_Z30/DAQ_Z30.sdk -hwspec C:/Users/12554/Desktop/test7/DAQ_Z30/DAQ_Z30.sdk/DAQ_Z30_Top.hdf
INFO: [Vivado 12-3157] SDK launch initiated. Please check console for any further messages.
reset_run synth_1
launch_runs impl_1 -to_step write_bitstream -jobs 20
[Thu Dec 19 01:08:16 2024] Launched synth_1...
Run output will be captured here: C:/Users/12554/Desktop/test7/DAQ_Z30/DAQ_Z30.runs/synth_1/runme.log
[Thu Dec 19 01:08:16 2024] Launched impl_1...
Run output will be captured here: C:/Users/12554/Desktop/test7/DAQ_Z30/DAQ_Z30.runs/impl_1/runme.log
file copy -force C:/Users/12554/Desktop/test7/DAQ_Z30/DAQ_Z30.runs/impl_1/DAQ_Z30_Top.sysdef C:/Users/12554/Desktop/test7/DAQ_Z30/DAQ_Z30.sdk/DAQ_Z30_Top.hdf

launch_sdk -workspace C:/Users/12554/Desktop/test7/DAQ_Z30/DAQ_Z30.sdk -hwspec C:/Users/12554/Desktop/test7/DAQ_Z30/DAQ_Z30.sdk/DAQ_Z30_Top.hdf
INFO: [Vivado 12-393] Launching SDK...
INFO: [Vivado 12-417] Running xsdk -workspace C:/Users/12554/Desktop/test7/DAQ_Z30/DAQ_Z30.sdk -hwspec C:/Users/12554/Desktop/test7/DAQ_Z30/DAQ_Z30.sdk/DAQ_Z30_Top.hdf
INFO: [Vivado 12-3157] SDK launch initiated. Please check console for any further messages.
file copy -force C:/Users/12554/Desktop/test7/DAQ_Z30/DAQ_Z30.runs/impl_1/DAQ_Z30_Top.sysdef C:/Users/12554/Desktop/test7/DAQ_Z30/DAQ_Z30.sdk/DAQ_Z30_Top.hdf

launch_sdk -workspace C:/Users/12554/Desktop/test7/DAQ_Z30/DAQ_Z30.sdk -hwspec C:/Users/12554/Desktop/test7/DAQ_Z30/DAQ_Z30.sdk/DAQ_Z30_Top.hdf
INFO: [Vivado 12-393] Launching SDK...
INFO: [Vivado 12-417] Running xsdk -workspace C:/Users/12554/Desktop/test7/DAQ_Z30/DAQ_Z30.sdk -hwspec C:/Users/12554/Desktop/test7/DAQ_Z30/DAQ_Z30.sdk/DAQ_Z30_Top.hdf
INFO: [Vivado 12-3157] SDK launch initiated. Please check console for any further messages.
generate_target all [get_files  C:/Users/12554/Desktop/test7/DAQ_Z30/DAQ_Z30.srcs/sources_1/bd/design_1/design_1.bd]
INFO: [BD 41-1637] Generated targets are already up-to-date for bd-design 'design_1' - hence not re-generating.
export_ip_user_files -of_objects [get_files C:/Users/12554/Desktop/test7/DAQ_Z30/DAQ_Z30.srcs/sources_1/bd/design_1/design_1.bd] -no_script -sync -force -quiet
create_ip_run [get_files -of_objects [get_fileset sources_1] C:/Users/12554/Desktop/test7/DAQ_Z30/DAQ_Z30.srcs/sources_1/bd/design_1/design_1.bd]
export_simulation -of_objects [get_files C:/Users/12554/Desktop/test7/DAQ_Z30/DAQ_Z30.srcs/sources_1/bd/design_1/design_1.bd] -directory C:/Users/12554/Desktop/test7/DAQ_Z30/DAQ_Z30.ip_user_files/sim_scripts -ip_user_files_dir C:/Users/12554/Desktop/test7/DAQ_Z30/DAQ_Z30.ip_user_files -ipstatic_source_dir C:/Users/12554/Desktop/test7/DAQ_Z30/DAQ_Z30.ip_user_files/ipstatic -lib_map_path [list {modelsim=C:/Users/12554/Desktop/test7/DAQ_Z30/DAQ_Z30.cache/compile_simlib/modelsim} {questa=C:/Users/12554/Desktop/test7/DAQ_Z30/DAQ_Z30.cache/compile_simlib/questa} {riviera=C:/Users/12554/Desktop/test7/DAQ_Z30/DAQ_Z30.cache/compile_simlib/riviera} {activehdl=C:/Users/12554/Desktop/test7/DAQ_Z30/DAQ_Z30.cache/compile_simlib/activehdl}] -use_ip_compiled_libs -force -quiet
generate_target all [get_files  C:/Users/12554/Desktop/test7/DAQ_Z30/DAQ_Z30.srcs/sources_1/bd/design_1/design_1.bd]
INFO: [BD 41-1637] Generated targets are already up-to-date for bd-design 'design_1' - hence not re-generating.
export_ip_user_files -of_objects [get_files C:/Users/12554/Desktop/test7/DAQ_Z30/DAQ_Z30.srcs/sources_1/bd/design_1/design_1.bd] -no_script -sync -force -quiet
create_ip_run [get_files -of_objects [get_fileset sources_1] C:/Users/12554/Desktop/test7/DAQ_Z30/DAQ_Z30.srcs/sources_1/bd/design_1/design_1.bd]
export_simulation -of_objects [get_files C:/Users/12554/Desktop/test7/DAQ_Z30/DAQ_Z30.srcs/sources_1/bd/design_1/design_1.bd] -directory C:/Users/12554/Desktop/test7/DAQ_Z30/DAQ_Z30.ip_user_files/sim_scripts -ip_user_files_dir C:/Users/12554/Desktop/test7/DAQ_Z30/DAQ_Z30.ip_user_files -ipstatic_source_dir C:/Users/12554/Desktop/test7/DAQ_Z30/DAQ_Z30.ip_user_files/ipstatic -lib_map_path [list {modelsim=C:/Users/12554/Desktop/test7/DAQ_Z30/DAQ_Z30.cache/compile_simlib/modelsim} {questa=C:/Users/12554/Desktop/test7/DAQ_Z30/DAQ_Z30.cache/compile_simlib/questa} {riviera=C:/Users/12554/Desktop/test7/DAQ_Z30/DAQ_Z30.cache/compile_simlib/riviera} {activehdl=C:/Users/12554/Desktop/test7/DAQ_Z30/DAQ_Z30.cache/compile_simlib/activehdl}] -use_ip_compiled_libs -force -quiet
reset_run synth_1
launch_runs synth_1 -jobs 20
[Thu Dec 19 01:19:39 2024] Launched synth_1...
Run output will be captured here: C:/Users/12554/Desktop/test7/DAQ_Z30/DAQ_Z30.runs/synth_1/runme.log
exit
INFO: [Common 17-206] Exiting Vivado at Thu Dec 19 01:26:50 2024...
