#-----------------------------------------------------------
# Vivado v2017.4 (64-bit)
# SW Build 2086221 on Fri Dec 15 20:55:39 MST 2017
# IP Build 2085800 on Fri Dec 15 22:25:07 MST 2017
# Start of session at: Tue Dec 17 21:08:53 2024
# Process ID: 30704
# Current directory: C:/Users/12554/Desktop/spline/DAQ_Z30
# Command line: vivado.exe -gui_launcher_event rodinguilauncherevent19616 C:\Users\12554\Desktop\spline\DAQ_Z30\DAQ_Z30.xpr
# Log file: C:/Users/12554/Desktop/spline/DAQ_Z30/vivado.log
# Journal file: C:/Users/12554/Desktop/spline/DAQ_Z30\vivado.jou
#-----------------------------------------------------------
start_gui
open_project C:/Users/12554/Desktop/spline/DAQ_Z30/DAQ_Z30.xpr
Scanning sources...
Finished scanning sources
INFO: [IP_Flow 19-234] Refreshing IP repositories
INFO: [IP_Flow 19-1700] Loaded user IP repository 'c:/Users/12554/Desktop/spline/myip'.
INFO: [IP_Flow 19-2313] Loaded Vivado IP repository 'E:/Xilinx2017.4/Vivado/2017.4/data/ip'.
open_project: Time (s): cpu = 00:00:07 ; elapsed = 00:00:11 . Memory (MB): peak = 1135.918 ; gain = 384.422
update_compile_order -fileset sources_1
exit
INFO: [Common 17-206] Exiting Vivado at Tue Dec 17 21:09:52 2024...
