#-----------------------------------------------------------
# Vivado v2017.4 (64-bit)
# SW Build 2086221 on Fri Dec 15 20:55:39 MST 2017
# IP Build 2085800 on Fri Dec 15 22:25:07 MST 2017
# Start of session at: Tue Dec 17 12:13:00 2024
# Process ID: 3076
# Current directory: C:/Users/12554/Desktop/spline/DAQ_Z30
# Command line: vivado.exe -gui_launcher_event rodinguilauncherevent8732 C:\Users\12554\Desktop\spline\DAQ_Z30\DAQ_Z30.xpr
# Log file: C:/Users/12554/Desktop/spline/DAQ_Z30/vivado.log
# Journal file: C:/Users/12554/Desktop/spline/DAQ_Z30\vivado.jou
#-----------------------------------------------------------
start_gui
open_project C:/Users/12554/Desktop/spline/DAQ_Z30/DAQ_Z30.xpr
Scanning sources...
Finished scanning sources
INFO: [IP_Flow 19-234] Refreshing IP repositories
INFO: [IP_Flow 19-1700] Loaded user IP repository 'c:/Users/12554/Desktop/spline/myip'.
INFO: [IP_Flow 19-2313] Loaded Vivado IP repository 'E:/Xilinx2017.4/Vivado/2017.4/data/ip'.
INFO: [Common 17-41] Interrupt caught. Command should exit soon.
ERROR: [BD 41-69] Error sourcing TCL script: 
    while executing
"namespace eval ::xilinx.com_ip_aximm_1.0 { source -notrace {E:/Xilinx2017.4/Vivado/2017.4/data/rsb/busdef/AXIMM/busdef.tcl} }"
ERROR: [BD 41-69] Error sourcing TCL script: 
    while executing
"source -notrace {E:/Xilinx2017.4/Vivado/2017.4/data/rsb/busdef/clock_signal/busdef.tcl} "
    (in namespace eval "::xilinx.com_ip_clock_signal_1.0" script line 1)
    invoked from within
"namespace eval ::xilinx.com_ip_clock_signal_1.0 { source -notrace {E:/Xilinx2017.4/Vivado/2017.4/data/rsb/busdef/clock_signal/busdef.tcl} }"
INFO: [Common 17-344] 'open_project' was cancelled
exit
INFO: [Common 17-206] Exiting Vivado at Tue Dec 17 12:13:24 2024...
