#-----------------------------------------------------------
# Vivado v2017.4 (64-bit)
# SW Build 2086221 on Fri Dec 15 20:55:39 MST 2017
# IP Build 2085800 on Fri Dec 15 22:25:07 MST 2017
# Start of session at: Fri Apr 26 20:38:43 2024
# Process ID: 20212
# Current directory: C:/Users/12554/Desktop/DAQ/myip/MJ_OBUFGDS
# Command line: vivado.exe -gui_launcher_event rodinguilauncherevent28332 C:\Users\12554\Desktop\DAQ\myip\MJ_OBUFGDS\MJ_OBUFGDS.xpr
# Log file: C:/Users/12554/Desktop/DAQ/myip/MJ_OBUFGDS/vivado.log
# Journal file: C:/Users/12554/Desktop/DAQ/myip/MJ_OBUFGDS\vivado.jou
#-----------------------------------------------------------
start_gui
open_project -read_only C:/Users/12554/Desktop/DAQ/myip/MJ_OBUFGDS/MJ_OBUFGDS.xpr
INFO: [Project 1-313] Project file moved from 'F:/MSI-Work/myip/MJ_OBUFGDS' since last save.
Scanning sources...
Finished scanning sources
WARNING: [Project 1-229] Project 'MJ_OBUFGDS.xpr' is read-only and therefore could not be upgraded for this version of Vivado.  Use 'File | Save Project As...' if you wish to save an upgraded copy.
INFO: [IP_Flow 19-234] Refreshing IP repositories
INFO: [IP_Flow 19-1700] Loaded user IP repository 'c:/Users/12554/Desktop/DAQ/myip/MJ_OBUFGDS/MJ_OBUFGDS.srcs/sources_1/new'.
INFO: [IP_Flow 19-2313] Loaded Vivado IP repository 'E:/Xilinx2017.4/Vivado/2017.4/data/ip'.
update_compile_order -fileset sources_1
exit
INFO: [Common 17-206] Exiting Vivado at Fri Apr 26 20:52:56 2024...
