Vivado Simulator 2020.2
Time resolution is 1 ps
 Block Memory Generator module loading initial data...
 Block Memory Generator data initialization complete.
Block Memory Generator module tb_test.u_test.my_blk_mem_gen_0.inst.\native_mem_module.blk_mem_gen_v8_4_4_inst  is using a behavioral model for simulation which will not precisely model memory collision behavior.
 Block Memory Generator module loading initial data...
 Block Memory Generator data initialization complete.
Block Memory Generator module tb_test.u_test.my_blk_mem_gen_1.inst.\native_mem_module.blk_mem_gen_v8_4_4_inst  is using a behavioral model for simulation which will not precisely model memory collision behavior.
blk_mem_gen_v8_4_4 WARNING: Address dc is outside range for A Read
blk_mem_gen_v8_4_4 WARNING: Address dd is outside range for A Read
blk_mem_gen_v8_4_4 WARNING: Address f0 is outside range for A Read
blk_mem_gen_v8_4_4 WARNING: Address f1 is outside range for A Read
 Block Memory Generator module loading initial data...
 Block Memory Generator data initialization complete.
Block Memory Generator module tb_test.u_test.my_blk_mem_gen_0.inst.\native_mem_module.blk_mem_gen_v8_4_4_inst  is using a behavioral model for simulation which will not precisely model memory collision behavior.
 Block Memory Generator module loading initial data...
 Block Memory Generator data initialization complete.
Block Memory Generator module tb_test.u_test.my_blk_mem_gen_1.inst.\native_mem_module.blk_mem_gen_v8_4_4_inst  is using a behavioral model for simulation which will not precisely model memory collision behavior.
blk_mem_gen_v8_4_4 WARNING: Address dc is outside range for A Read
blk_mem_gen_v8_4_4 WARNING: Address dd is outside range for A Read
blk_mem_gen_v8_4_4 WARNING: Address f0 is outside range for A Read
blk_mem_gen_v8_4_4 WARNING: Address f1 is outside range for A Read
 Block Memory Generator module loading initial data...
 Block Memory Generator data initialization complete.
Block Memory Generator module tb_test.u_test.my_blk_mem_gen_0.inst.\native_mem_module.blk_mem_gen_v8_4_4_inst  is using a behavioral model for simulation which will not precisely model memory collision behavior.
 Block Memory Generator module loading initial data...
 Block Memory Generator data initialization complete.
Block Memory Generator module tb_test.u_test.my_blk_mem_gen_1.inst.\native_mem_module.blk_mem_gen_v8_4_4_inst  is using a behavioral model for simulation which will not precisely model memory collision behavior.
blk_mem_gen_v8_4_4 WARNING: Address dc is outside range for A Read
blk_mem_gen_v8_4_4 WARNING: Address dd is outside range for A Read
blk_mem_gen_v8_4_4 WARNING: Address f0 is outside range for A Read
blk_mem_gen_v8_4_4 WARNING: Address f1 is outside range for A Read
