INFO: [VRFC 10-2263] Analyzing Verilog file "C:/Users/12554/Desktop/DAQ/DAQ_Z30/DAQ_Z30.ip_user_files/bd/design_1/ip/design_1_clk_wiz_0_0/design_1_clk_wiz_0_0_clk_wiz.v" into library xil_defaultlib
INFO: [VRFC 10-311] analyzing module design_1_clk_wiz_0_0_clk_wiz
INFO: [VRFC 10-2263] Analyzing Verilog file "C:/Users/12554/Desktop/DAQ/DAQ_Z30/DAQ_Z30.ip_user_files/bd/design_1/ip/design_1_clk_wiz_0_0/design_1_clk_wiz_0_0.v" into library xil_defaultlib
INFO: [VRFC 10-311] analyzing module design_1_clk_wiz_0_0
INFO: [VRFC 10-2263] Analyzing Verilog file "C:/Users/12554/Desktop/DAQ/DAQ_Z30/DAQ_Z30.srcs/sources_1/bd/design_1/ipshared/a342/MJ_OBUFGDS.v" into library xil_defaultlib
INFO: [VRFC 10-311] analyzing module MJ_OBUFGDS
INFO: [VRFC 10-2263] Analyzing Verilog file "C:/Users/12554/Desktop/DAQ/DAQ_Z30/DAQ_Z30.ip_user_files/bd/design_1/ip/design_1_MJ_OBUFGDS_0_0/sim/design_1_MJ_OBUFGDS_0_0.v" into library xil_defaultlib
INFO: [VRFC 10-311] analyzing module design_1_MJ_OBUFGDS_0_0
INFO: [VRFC 10-2263] Analyzing Verilog file "C:/Users/12554/Desktop/DAQ/DAQ_Z30/DAQ_Z30.srcs/sources_1/bd/design_1/ipshared/b1d5/MJ_IBUFG_DS.v" into library xil_defaultlib
INFO: [VRFC 10-311] analyzing module MJ_IBUFG_DS
INFO: [VRFC 10-2263] Analyzing Verilog file "C:/Users/12554/Desktop/DAQ/DAQ_Z30/DAQ_Z30.ip_user_files/bd/design_1/ip/design_1_MJ_IBUFG_DS_0_0/sim/design_1_MJ_IBUFG_DS_0_0.v" into library xil_defaultlib
INFO: [VRFC 10-311] analyzing module design_1_MJ_IBUFG_DS_0_0
INFO: [VRFC 10-2263] Analyzing Verilog file "C:/Users/12554/Desktop/DAQ/DAQ_Z30/DAQ_Z30.ip_user_files/bd/design_1/ip/design_1_fifo_generator_0_0/sim/design_1_fifo_generator_0_0.v" into library xil_defaultlib
INFO: [VRFC 10-311] analyzing module design_1_fifo_generator_0_0
INFO: [VRFC 10-2263] Analyzing Verilog file "C:/Users/12554/Desktop/DAQ/DAQ_Z30/DAQ_Z30.srcs/sources_1/bd/design_1/ipshared/c768/ADS4249_Decode.v" into library xil_defaultlib
INFO: [VRFC 10-311] analyzing module ADS4249_Decode
INFO: [VRFC 10-2458] undeclared symbol da0, assumed default net type wire [C:/Users/12554/Desktop/DAQ/DAQ_Z30/DAQ_Z30.srcs/sources_1/bd/design_1/ipshared/c768/ADS4249_Decode.v:64]
INFO: [VRFC 10-2458] undeclared symbol da2, assumed default net type wire [C:/Users/12554/Desktop/DAQ/DAQ_Z30/DAQ_Z30.srcs/sources_1/bd/design_1/ipshared/c768/ADS4249_Decode.v:65]
INFO: [VRFC 10-2458] undeclared symbol da4, assumed default net type wire [C:/Users/12554/Desktop/DAQ/DAQ_Z30/DAQ_Z30.srcs/sources_1/bd/design_1/ipshared/c768/ADS4249_Decode.v:66]
INFO: [VRFC 10-2458] undeclared symbol da6, assumed default net type wire [C:/Users/12554/Desktop/DAQ/DAQ_Z30/DAQ_Z30.srcs/sources_1/bd/design_1/ipshared/c768/ADS4249_Decode.v:67]
INFO: [VRFC 10-2458] undeclared symbol da8, assumed default net type wire [C:/Users/12554/Desktop/DAQ/DAQ_Z30/DAQ_Z30.srcs/sources_1/bd/design_1/ipshared/c768/ADS4249_Decode.v:68]
INFO: [VRFC 10-2458] undeclared symbol da10, assumed default net type wire [C:/Users/12554/Desktop/DAQ/DAQ_Z30/DAQ_Z30.srcs/sources_1/bd/design_1/ipshared/c768/ADS4249_Decode.v:69]
INFO: [VRFC 10-2458] undeclared symbol da12, assumed default net type wire [C:/Users/12554/Desktop/DAQ/DAQ_Z30/DAQ_Z30.srcs/sources_1/bd/design_1/ipshared/c768/ADS4249_Decode.v:70]
INFO: [VRFC 10-2458] undeclared symbol db0, assumed default net type wire [C:/Users/12554/Desktop/DAQ/DAQ_Z30/DAQ_Z30.srcs/sources_1/bd/design_1/ipshared/c768/ADS4249_Decode.v:72]
INFO: [VRFC 10-2458] undeclared symbol db2, assumed default net type wire [C:/Users/12554/Desktop/DAQ/DAQ_Z30/DAQ_Z30.srcs/sources_1/bd/design_1/ipshared/c768/ADS4249_Decode.v:73]
INFO: [VRFC 10-2458] undeclared symbol db4, assumed default net type wire [C:/Users/12554/Desktop/DAQ/DAQ_Z30/DAQ_Z30.srcs/sources_1/bd/design_1/ipshared/c768/ADS4249_Decode.v:74]
INFO: [VRFC 10-2458] undeclared symbol db6, assumed default net type wire [C:/Users/12554/Desktop/DAQ/DAQ_Z30/DAQ_Z30.srcs/sources_1/bd/design_1/ipshared/c768/ADS4249_Decode.v:75]
INFO: [VRFC 10-2458] undeclared symbol db8, assumed default net type wire [C:/Users/12554/Desktop/DAQ/DAQ_Z30/DAQ_Z30.srcs/sources_1/bd/design_1/ipshared/c768/ADS4249_Decode.v:76]
INFO: [VRFC 10-2458] undeclared symbol db10, assumed default net type wire [C:/Users/12554/Desktop/DAQ/DAQ_Z30/DAQ_Z30.srcs/sources_1/bd/design_1/ipshared/c768/ADS4249_Decode.v:77]
INFO: [VRFC 10-2458] undeclared symbol db12, assumed default net type wire [C:/Users/12554/Desktop/DAQ/DAQ_Z30/DAQ_Z30.srcs/sources_1/bd/design_1/ipshared/c768/ADS4249_Decode.v:78]
INFO: [VRFC 10-2263] Analyzing Verilog file "C:/Users/12554/Desktop/DAQ/DAQ_Z30/DAQ_Z30.ip_user_files/bd/design_1/ip/design_1_ADS4249_Decode_0_1/sim/design_1_ADS4249_Decode_0_1.v" into library xil_defaultlib
INFO: [VRFC 10-311] analyzing module design_1_ADS4249_Decode_0_1
INFO: [VRFC 10-2263] Analyzing Verilog file "C:/Users/12554/Desktop/DAQ/DAQ_Z30/DAQ_Z30.ip_user_files/bd/design_1/ip/design_1_axi_smc_0/bd_0/sim/bd_afc3.v" into library xil_defaultlib
INFO: [VRFC 10-311] analyzing module bd_afc3
INFO: [VRFC 10-311] analyzing module clk_map_imp_5Y9LOC
INFO: [VRFC 10-311] analyzing module m00_exit_pipeline_imp_1TZX5BB
INFO: [VRFC 10-311] analyzing module m00_nodes_imp_1GOYQYZ
INFO: [VRFC 10-311] analyzing module s00_entry_pipeline_imp_USCCV8
INFO: [VRFC 10-311] analyzing module s00_nodes_imp_Y7M43I
INFO: [VRFC 10-311] analyzing module s01_entry_pipeline_imp_1W4H5O0
INFO: [VRFC 10-311] analyzing module s01_nodes_imp_1RW0SI0
INFO: [VRFC 10-311] analyzing module switchboards_imp_4N4PBE
INFO: [VRFC 10-2263] Analyzing SystemVerilog file "C:/Users/12554/Desktop/DAQ/DAQ_Z30/DAQ_Z30.ip_user_files/bd/design_1/ip/design_1_axi_smc_0/bd_0/ip/ip_10/sim/bd_afc3_s00a2s_0.sv" into library xil_defaultlib
INFO: [VRFC 10-311] analyzing module bd_afc3_s00a2s_0
INFO: [VRFC 10-2263] Analyzing SystemVerilog file "C:/Users/12554/Desktop/DAQ/DAQ_Z30/DAQ_Z30.ip_user_files/bd/design_1/ip/design_1_axi_smc_0/bd_0/ip/ip_16/sim/bd_afc3_s01a2s_0.sv" into library xil_defaultlib
INFO: [VRFC 10-311] analyzing module bd_afc3_s01a2s_0
INFO: [VRFC 10-2263] Analyzing SystemVerilog file "C:/Users/12554/Desktop/DAQ/DAQ_Z30/DAQ_Z30.ip_user_files/bd/design_1/ip/design_1_axi_smc_0/bd_0/ip/ip_20/sim/bd_afc3_m00s2a_0.sv" into library xil_defaultlib
INFO: [VRFC 10-311] analyzing module bd_afc3_m00s2a_0
INFO: [VRFC 10-2263] Analyzing SystemVerilog file "C:/Users/12554/Desktop/DAQ/DAQ_Z30/DAQ_Z30.ip_user_files/bd/design_1/ip/design_1_axi_smc_0/bd_0/ip/ip_26/sim/bd_afc3_m00e_0.sv" into library xil_defaultlib
INFO: [VRFC 10-311] analyzing module bd_afc3_m00e_0
INFO: [VRFC 10-2263] Analyzing SystemVerilog file "C:/Users/12554/Desktop/DAQ/DAQ_Z30/DAQ_Z30.ip_user_files/bd/design_1/ip/design_1_axi_smc_0/bd_0/ip/ip_21/sim/bd_afc3_m00arn_0.sv" into library xil_defaultlib
INFO: [VRFC 10-311] analyzing module bd_afc3_m00arn_0
INFO: [VRFC 10-2263] Analyzing SystemVerilog file "C:/Users/12554/Desktop/DAQ/DAQ_Z30/DAQ_Z30.ip_user_files/bd/design_1/ip/design_1_axi_smc_0/bd_0/ip/ip_22/sim/bd_afc3_m00rn_0.sv" into library xil_defaultlib
INFO: [VRFC 10-311] analyzing module bd_afc3_m00rn_0
INFO: [VRFC 10-2263] Analyzing SystemVerilog file "C:/Users/12554/Desktop/DAQ/DAQ_Z30/DAQ_Z30.ip_user_files/bd/design_1/ip/design_1_axi_smc_0/bd_0/ip/ip_23/sim/bd_afc3_m00awn_0.sv" into library xil_defaultlib
INFO: [VRFC 10-311] analyzing module bd_afc3_m00awn_0
INFO: [VRFC 10-2263] Analyzing SystemVerilog file "C:/Users/12554/Desktop/DAQ/DAQ_Z30/DAQ_Z30.ip_user_files/bd/design_1/ip/design_1_axi_smc_0/bd_0/ip/ip_24/sim/bd_afc3_m00wn_0.sv" into library xil_defaultlib
INFO: [VRFC 10-311] analyzing module bd_afc3_m00wn_0
INFO: [VRFC 10-2263] Analyzing SystemVerilog file "C:/Users/12554/Desktop/DAQ/DAQ_Z30/DAQ_Z30.ip_user_files/bd/design_1/ip/design_1_axi_smc_0/bd_0/ip/ip_25/sim/bd_afc3_m00bn_0.sv" into library xil_defaultlib
INFO: [VRFC 10-311] analyzing module bd_afc3_m00bn_0
INFO: [VRFC 10-2263] Analyzing SystemVerilog file "C:/Users/12554/Desktop/DAQ/DAQ_Z30/DAQ_Z30.ip_user_files/bd/design_1/ip/design_1_axi_smc_0/bd_0/ip/ip_17/sim/bd_afc3_sawn_0.sv" into library xil_defaultlib
INFO: [VRFC 10-311] analyzing module bd_afc3_sawn_0
INFO: [VRFC 10-2263] Analyzing SystemVerilog file "C:/Users/12554/Desktop/DAQ/DAQ_Z30/DAQ_Z30.ip_user_files/bd/design_1/ip/design_1_axi_smc_0/bd_0/ip/ip_18/sim/bd_afc3_swn_0.sv" into library xil_defaultlib
INFO: [VRFC 10-311] analyzing module bd_afc3_swn_0
INFO: [VRFC 10-2263] Analyzing SystemVerilog file "C:/Users/12554/Desktop/DAQ/DAQ_Z30/DAQ_Z30.ip_user_files/bd/design_1/ip/design_1_axi_smc_0/bd_0/ip/ip_19/sim/bd_afc3_sbn_0.sv" into library xil_defaultlib
INFO: [VRFC 10-311] analyzing module bd_afc3_sbn_0
INFO: [VRFC 10-2263] Analyzing SystemVerilog file "C:/Users/12554/Desktop/DAQ/DAQ_Z30/DAQ_Z30.ip_user_files/bd/design_1/ip/design_1_axi_smc_0/bd_0/ip/ip_13/sim/bd_afc3_s01mmu_0.sv" into library xil_defaultlib
INFO: [VRFC 10-311] analyzing module bd_afc3_s01mmu_0
INFO: [VRFC 10-2263] Analyzing SystemVerilog file "C:/Users/12554/Desktop/DAQ/DAQ_Z30/DAQ_Z30.ip_user_files/bd/design_1/ip/design_1_axi_smc_0/bd_0/ip/ip_14/sim/bd_afc3_s01tr_0.sv" into library xil_defaultlib
INFO: [VRFC 10-311] analyzing module bd_afc3_s01tr_0
INFO: [VRFC 10-2263] Analyzing SystemVerilog file "C:/Users/12554/Desktop/DAQ/DAQ_Z30/DAQ_Z30.ip_user_files/bd/design_1/ip/design_1_axi_smc_0/bd_0/ip/ip_15/sim/bd_afc3_s01sic_0.sv" into library xil_defaultlib
INFO: [VRFC 10-311] analyzing module bd_afc3_s01sic_0
INFO: [VRFC 10-2263] Analyzing SystemVerilog file "C:/Users/12554/Desktop/DAQ/DAQ_Z30/DAQ_Z30.ip_user_files/bd/design_1/ip/design_1_axi_smc_0/bd_0/ip/ip_11/sim/bd_afc3_sarn_0.sv" into library xil_defaultlib
INFO: [VRFC 10-311] analyzing module bd_afc3_sarn_0
INFO: [VRFC 10-2263] Analyzing SystemVerilog file "C:/Users/12554/Desktop/DAQ/DAQ_Z30/DAQ_Z30.ip_user_files/bd/design_1/ip/design_1_axi_smc_0/bd_0/ip/ip_12/sim/bd_afc3_srn_0.sv" into library xil_defaultlib
INFO: [VRFC 10-311] analyzing module bd_afc3_srn_0
INFO: [VRFC 10-2263] Analyzing SystemVerilog file "C:/Users/12554/Desktop/DAQ/DAQ_Z30/DAQ_Z30.ip_user_files/bd/design_1/ip/design_1_axi_smc_0/bd_0/ip/ip_7/sim/bd_afc3_s00mmu_0.sv" into library xil_defaultlib
INFO: [VRFC 10-311] analyzing module bd_afc3_s00mmu_0
INFO: [VRFC 10-2263] Analyzing SystemVerilog file "C:/Users/12554/Desktop/DAQ/DAQ_Z30/DAQ_Z30.ip_user_files/bd/design_1/ip/design_1_axi_smc_0/bd_0/ip/ip_8/sim/bd_afc3_s00tr_0.sv" into library xil_defaultlib
INFO: [VRFC 10-311] analyzing module bd_afc3_s00tr_0
INFO: [VRFC 10-2263] Analyzing SystemVerilog file "C:/Users/12554/Desktop/DAQ/DAQ_Z30/DAQ_Z30.ip_user_files/bd/design_1/ip/design_1_axi_smc_0/bd_0/ip/ip_9/sim/bd_afc3_s00sic_0.sv" into library xil_defaultlib
INFO: [VRFC 10-311] analyzing module bd_afc3_s00sic_0
INFO: [VRFC 10-2263] Analyzing SystemVerilog file "C:/Users/12554/Desktop/DAQ/DAQ_Z30/DAQ_Z30.ip_user_files/bd/design_1/ip/design_1_axi_smc_0/bd_0/ip/ip_2/sim/bd_afc3_arsw_0.sv" into library xil_defaultlib
INFO: [VRFC 10-311] analyzing module bd_afc3_arsw_0
INFO: [VRFC 10-2263] Analyzing SystemVerilog file "C:/Users/12554/Desktop/DAQ/DAQ_Z30/DAQ_Z30.ip_user_files/bd/design_1/ip/design_1_axi_smc_0/bd_0/ip/ip_3/sim/bd_afc3_rsw_0.sv" into library xil_defaultlib
INFO: [VRFC 10-311] analyzing module bd_afc3_rsw_0
INFO: [VRFC 10-2263] Analyzing SystemVerilog file "C:/Users/12554/Desktop/DAQ/DAQ_Z30/DAQ_Z30.ip_user_files/bd/design_1/ip/design_1_axi_smc_0/bd_0/ip/ip_4/sim/bd_afc3_awsw_0.sv" into library xil_defaultlib
INFO: [VRFC 10-311] analyzing module bd_afc3_awsw_0
INFO: [VRFC 10-2263] Analyzing SystemVerilog file "C:/Users/12554/Desktop/DAQ/DAQ_Z30/DAQ_Z30.ip_user_files/bd/design_1/ip/design_1_axi_smc_0/bd_0/ip/ip_5/sim/bd_afc3_wsw_0.sv" into library xil_defaultlib
INFO: [VRFC 10-311] analyzing module bd_afc3_wsw_0
INFO: [VRFC 10-2263] Analyzing SystemVerilog file "C:/Users/12554/Desktop/DAQ/DAQ_Z30/DAQ_Z30.ip_user_files/bd/design_1/ip/design_1_axi_smc_0/bd_0/ip/ip_6/sim/bd_afc3_bsw_0.sv" into library xil_defaultlib
INFO: [VRFC 10-311] analyzing module bd_afc3_bsw_0
INFO: [VRFC 10-2263] Analyzing Verilog file "C:/Users/12554/Desktop/DAQ/DAQ_Z30/DAQ_Z30.ip_user_files/bd/design_1/ip/design_1_axi_smc_0/bd_0/ip/ip_0/sim/bd_afc3_one_0.v" into library xil_defaultlib
INFO: [VRFC 10-311] analyzing module bd_afc3_one_0
INFO: [VRFC 10-2263] Analyzing Verilog file "C:/Users/12554/Desktop/DAQ/DAQ_Z30/DAQ_Z30.ip_user_files/bd/design_1/ip/design_1_axi_smc_0/sim/design_1_axi_smc_0.v" into library xil_defaultlib
INFO: [VRFC 10-311] analyzing module design_1_axi_smc_0
INFO: [VRFC 10-2263] Analyzing Verilog file "C:/Users/12554/Desktop/DAQ/DAQ_Z30/DAQ_Z30.ip_user_files/bd/design_1/ip/design_1_axis_data_fifo_0_0/sim/design_1_axis_data_fifo_0_0.v" into library xil_defaultlib
INFO: [VRFC 10-311] analyzing module design_1_axis_data_fifo_0_0
INFO: [VRFC 10-2263] Analyzing Verilog file "C:/Users/12554/Desktop/DAQ/DAQ_Z30/DAQ_Z30.ip_user_files/bd/design_1/ip/design_1_processing_system7_0_0/sim/design_1_processing_system7_0_0.v" into library xil_defaultlib
INFO: [VRFC 10-311] analyzing module design_1_processing_system7_0_0
INFO: [VRFC 10-2263] Analyzing Verilog file "C:/Users/12554/Desktop/DAQ/DAQ_Z30/DAQ_Z30.ip_user_files/bd/design_1/ip/design_1_xlconcat_0_0/sim/design_1_xlconcat_0_0.v" into library xil_defaultlib
INFO: [VRFC 10-311] analyzing module design_1_xlconcat_0_0
INFO: [VRFC 10-2263] Analyzing Verilog file "C:/Users/12554/Desktop/DAQ/DAQ_Z30/DAQ_Z30.ip_user_files/bd/design_1/ip/design_1_xlconstant_0_1/sim/design_1_xlconstant_0_1.v" into library xil_defaultlib
INFO: [VRFC 10-311] analyzing module design_1_xlconstant_0_1
INFO: [VRFC 10-2263] Analyzing Verilog file "C:/Users/12554/Desktop/DAQ/DAQ_Z30/DAQ_Z30.ip_user_files/bd/design_1/ip/design_1_xbar_0/sim/design_1_xbar_0.v" into library xil_defaultlib
INFO: [VRFC 10-311] analyzing module design_1_xbar_0
INFO: [VRFC 10-2263] Analyzing Verilog file "C:/Users/12554/Desktop/DAQ/DAQ_Z30/DAQ_Z30.ip_user_files/bd/design_1/ip/design_1_fifo_generator_0_2/sim/design_1_fifo_generator_0_2.v" into library xil_defaultlib
INFO: [VRFC 10-311] analyzing module design_1_fifo_generator_0_2
INFO: [VRFC 10-2263] Analyzing Verilog file "C:/Users/12554/Desktop/DAQ/DAQ_Z30/DAQ_Z30.ip_user_files/bd/design_1/ip/design_1_fifo_generator_2_0/sim/design_1_fifo_generator_2_0.v" into library xil_defaultlib
INFO: [VRFC 10-311] analyzing module design_1_fifo_generator_2_0
INFO: [VRFC 10-2263] Analyzing Verilog file "C:/Users/12554/Desktop/DAQ/DAQ_Z30/DAQ_Z30.ip_user_files/bd/design_1/ip/design_1_fifo_generator_2_1/sim/design_1_fifo_generator_2_1.v" into library xil_defaultlib
INFO: [VRFC 10-311] analyzing module design_1_fifo_generator_2_1
INFO: [VRFC 10-2263] Analyzing Verilog file "C:/Users/12554/Desktop/DAQ/DAQ_Z30/DAQ_Z30.ip_user_files/bd/design_1/sim/design_1.v" into library xil_defaultlib
INFO: [VRFC 10-311] analyzing module design_1
INFO: [VRFC 10-311] analyzing module design_1_ps7_0_axi_periph_0
INFO: [VRFC 10-311] analyzing module m00_couplers_imp_15SPJYW
INFO: [VRFC 10-311] analyzing module m01_couplers_imp_XU9C55
INFO: [VRFC 10-311] analyzing module m02_couplers_imp_14WQB4R
INFO: [VRFC 10-311] analyzing module s00_couplers_imp_UYSKKA
INFO: [VRFC 10-2263] Analyzing Verilog file "C:/Users/12554/Desktop/DAQ/DAQ_Z30/DAQ_Z30.srcs/sources_1/bd/design_1/ipshared/0696/MJ_inputclk_ds_gbuf.v" into library xil_defaultlib
INFO: [VRFC 10-311] analyzing module MJ_inputclk_ds_gbuf
INFO: [VRFC 10-2458] undeclared symbol mADC_CLK, assumed default net type wire [C:/Users/12554/Desktop/DAQ/DAQ_Z30/DAQ_Z30.srcs/sources_1/bd/design_1/ipshared/0696/MJ_inputclk_ds_gbuf.v:39]
INFO: [VRFC 10-2263] Analyzing Verilog file "C:/Users/12554/Desktop/DAQ/DAQ_Z30/DAQ_Z30.ip_user_files/bd/design_1/ip/design_1_MJ_inputclk_ds_gbuf_0_0/sim/design_1_MJ_inputclk_ds_gbuf_0_0.v" into library xil_defaultlib
INFO: [VRFC 10-311] analyzing module design_1_MJ_inputclk_ds_gbuf_0_0
INFO: [VRFC 10-2263] Analyzing Verilog file "C:/Users/12554/Desktop/DAQ/DAQ_Z30/DAQ_Z30.srcs/sources_1/bd/design_1/ipshared/49e2/mj_not.v" into library xil_defaultlib
INFO: [VRFC 10-311] analyzing module mj_not
INFO: [VRFC 10-2263] Analyzing Verilog file "C:/Users/12554/Desktop/DAQ/DAQ_Z30/DAQ_Z30.ip_user_files/bd/design_1/ip/design_1_mj_not_0_0/sim/design_1_mj_not_0_0.v" into library xil_defaultlib
INFO: [VRFC 10-311] analyzing module design_1_mj_not_0_0
INFO: [VRFC 10-2263] Analyzing Verilog file "C:/Users/12554/Desktop/DAQ/DAQ_Z30/DAQ_Z30.ip_user_files/bd/design_1/ip/design_1_clk_wiz_1_0/design_1_clk_wiz_1_0_clk_wiz.v" into library xil_defaultlib
INFO: [VRFC 10-311] analyzing module design_1_clk_wiz_1_0_clk_wiz
INFO: [VRFC 10-2263] Analyzing Verilog file "C:/Users/12554/Desktop/DAQ/DAQ_Z30/DAQ_Z30.ip_user_files/bd/design_1/ip/design_1_clk_wiz_1_0/design_1_clk_wiz_1_0.v" into library xil_defaultlib
INFO: [VRFC 10-311] analyzing module design_1_clk_wiz_1_0
INFO: [VRFC 10-2263] Analyzing Verilog file "C:/Users/12554/Desktop/DAQ/DAQ_Z30/DAQ_Z30.ip_user_files/bd/design_1/ip/design_1_vio_0_0/sim/design_1_vio_0_0.v" into library xil_defaultlib
INFO: [VRFC 10-311] analyzing module design_1_vio_0_0
INFO: [VRFC 10-2263] Analyzing Verilog file "C:/Users/12554/Desktop/DAQ/DAQ_Z30/DAQ_Z30.ip_user_files/bd/design_1/ip/design_1_ila_0_0/sim/design_1_ila_0_0.v" into library xil_defaultlib
INFO: [VRFC 10-311] analyzing module design_1_ila_0_0
INFO: [VRFC 10-2263] Analyzing Verilog file "C:/Users/12554/Desktop/DAQ/DAQ_Z30/DAQ_Z30.ip_user_files/bd/design_1/ip/design_1_xlconstant_0_0/sim/design_1_xlconstant_0_0.v" into library xil_defaultlib
INFO: [VRFC 10-311] analyzing module design_1_xlconstant_0_0
INFO: [VRFC 10-2263] Analyzing Verilog file "C:/Users/12554/Desktop/DAQ/DAQ_Z30/DAQ_Z30.ip_user_files/bd/design_1/ip/design_1_clk_wiz_0_1/design_1_clk_wiz_0_1_clk_wiz.v" into library xil_defaultlib
INFO: [VRFC 10-311] analyzing module design_1_clk_wiz_0_1_clk_wiz
INFO: [VRFC 10-2263] Analyzing Verilog file "C:/Users/12554/Desktop/DAQ/DAQ_Z30/DAQ_Z30.ip_user_files/bd/design_1/ip/design_1_clk_wiz_0_1/design_1_clk_wiz_0_1.v" into library xil_defaultlib
INFO: [VRFC 10-311] analyzing module design_1_clk_wiz_0_1
INFO: [VRFC 10-2263] Analyzing Verilog file "C:/Users/12554/Desktop/DAQ/DAQ_Z30/DAQ_Z30.ip_user_files/bd/design_1/ip/design_1_s00_data_fifo_0/sim/design_1_s00_data_fifo_0.v" into library xil_defaultlib
INFO: [VRFC 10-311] analyzing module design_1_s00_data_fifo_0
INFO: [VRFC 10-2263] Analyzing Verilog file "C:/Users/12554/Desktop/DAQ/DAQ_Z30/DAQ_Z30.ip_user_files/bd/design_1/ip/design_1_auto_pc_0/sim/design_1_auto_pc_0.v" into library xil_defaultlib
INFO: [VRFC 10-311] analyzing module design_1_auto_pc_0
INFO: [VRFC 10-2263] Analyzing Verilog file "C:/Users/12554/Desktop/DAQ/DAQ_Z30/DAQ_Z30.srcs/sources_1/bd/design_1/hdl/design_1_wrapper.v" into library xil_defaultlib
INFO: [VRFC 10-311] analyzing module design_1_wrapper
INFO: [VRFC 10-2263] Analyzing Verilog file "C:/Users/12554/Desktop/DAQ/DAQ_Z30/DAQ_Z30.sim/sim_1/behav/xsim/glbl.v" into library xil_defaultlib
INFO: [VRFC 10-311] analyzing module glbl
